<?xml version="1.0" encoding="UTF-8"?>
<!-- Generated by org.testng.reporters.JUnitReportReporter -->
<testsuite hostname="Avinash" failures="0" tests="3" name="testCases.TC002_LoginTest" time="5.920" errors="0" timestamp="2024-11-04T23:31:58 IST" skipped="0">
  <testcase classname="testCases.TC002_LoginTest" name="Verify_login" time="2.595"/>
  <testcase classname="testCases.TC002_LoginTest" name="Verify_login" time="1.822"/>
  <testcase classname="testCases.TC002_LoginTest" name="Verify_login" time="1.503"/>
</testsuite> <!-- testCases.TC002_LoginTest -->
