<?xml version="1.0" encoding="UTF-8"?>
<!-- Generated by org.testng.reporters.JUnitReportReporter -->
<testsuite hostname="Avinash" failures="0" tests="3" name="testCases.TC002_LoginTest" time="5.205" errors="0" timestamp="2024-11-04T22:11:28 IST" skipped="0">
  <testcase classname="testCases.TC002_LoginTest" name="Verify_login" time="1.885"/>
  <testcase classname="testCases.TC002_LoginTest" name="Verify_login" time="1.815"/>
  <testcase classname="testCases.TC002_LoginTest" name="Verify_login" time="1.505"/>
</testsuite> <!-- testCases.TC002_LoginTest -->
